<?xml version="1.0" encoding="UTF-8"?>
<!-- Generated by org.testng.reporters.JUnitXMLReporter -->
<testsuite hostname="Ratnas-MacBook-Pro.local" ignored="0" name="/Users/ratnajalla/testNgProject" tests="19" failures="2" timestamp="15 Mar 2018 18:42:19 GMT" time="23.361" errors="0">
  <testcase name="paranterMethod" time="5.069" classname="com.Parameters.ParameterTest"/>
  <testcase name="testMethod" time="0.253" classname="com.Parameters.ParameterTest"/>
  <testcase name="test1" time="0.001" classname="com.RetryLogic.RetryLogicTest">
    <failure type="java.lang.AssertionError" message="expected [false] but found [true]">
      <![CDATA[java.lang.AssertionError: expected [false] but found [true]
at com.RetryLogic.RetryLogicTest.test1(RetryLogicTest.java:11)
... Removed 30 stack frames]]>
    </failure>
  </testcase> <!-- test1 -->
  <testcase name="test2" time="0.0" classname="com.RetryLogic.RetryLogicTest">
    <failure type="java.lang.AssertionError" message="expected [false] but found [true]">
      <![CDATA[java.lang.AssertionError: expected [false] but found [true]
at com.RetryLogic.RetryLogicTest.test2(RetryLogicTest.java:16)
... Removed 30 stack frames]]>
    </failure>
  </testcase> <!-- test2 -->
  <testcase name="testDataMethod" time="0.649" classname="com.dataProvider.test.dataprovider"/>
  <testcase name="testDataMethod" time="0.619" classname="com.dataProvider.test.dataprovider"/>
  <testcase name="testDataMethod" time="0.61" classname="com.dataProvider.test.dataprovider"/>
  <testcase name="testDataMethod" time="0.687" classname="com.dataProvider.test.dataprovider"/>
  <testcase name="testDataMethod" time="0.635" classname="com.dataProvider.test.dataprovider"/>
  <testcase name="testDataMethod" time="0.826" classname="com.dataProvider.test.dataprovider"/>
  <testcase name="infiniteLoopTest" time="0.0" classname="com.test.ExceptionTimeOutTest"/>
  <testcase name="sumInt" time="0.0" classname="com.test.InvocationCount"/>
  <testcase name="sumInt" time="0.0" classname="com.test.InvocationCount"/>
  <testcase name="sumInt" time="0.001" classname="com.test.InvocationCount"/>
  <testcase name="sumInt" time="0.0" classname="com.test.InvocationCount"/>
  <testcase name="sumInt" time="0.0" classname="com.test.InvocationCount"/>
  <testcase name="readExcel" time="0.049" classname="com.test.ReadExcel"/>
  <testcase name="readExcel" time="0.018" classname="com.test.ReadExcel1"/>
  <testcase name="testArray" time="0.0" classname="com.test.ReadExcel1"/>
</testsuite> <!-- /Users/ratnajalla/testNgProject -->
