<?xml version="1.0" encoding="UTF-8"?>
<!-- Generated by org.testng.reporters.JUnitXMLReporter -->
<testsuite hostname="Ratnas-MacBook-Pro.local" ignored="0" name="RetryLogic" tests="4" failures="0" timestamp="15 Mar 2018 18:42:24 GMT" time="0.003" errors="0">
  <testcase name="loginTest" time="0.0" classname="com.test.TestngFeatures"/>
  <testcase name="homePage" time="0.0" classname="com.test.TestngFeatures"/>
  <testcase name="registrationPage" time="0.0" classname="com.test.TestngFeatures"/>
  <testcase name="searchPage" time="0.0" classname="com.test.TestngFeatures"/>
</testsuite> <!-- RetryLogic -->
