<?xml version="1.0" encoding="UTF-8"?>
<testsuite xmlns:xsi="http://www.w3.org/2001/XMLSchema-instance" xsi:noNamespaceSchemaLocation="https://maven.apache.org/surefire/maven-surefire-plugin/xsd/surefire-test-report.xsd" name="TestSuite" time="67.313" tests="20" errors="0" skipped="0" failures="8">
  <properties>
[...]
</properties>
  <testcase name="paranterMethod" classname="com.Parameters.ParameterTest" time="2.159"/>
  <testcase name="testMethod" classname="com.Parameters.ParameterTest" time="0.193"/>
  <testcase name="test1" classname="com.RetryLogic.RetryLogicTest" time="0.007">
    <failure message="expected [false] but found [true]" type="java.lang.AssertionError">java.lang.AssertionError: expected [false] but found [true]
	at com.RetryLogic.RetryLogicTest.test1(RetryLogicTest.java:11)
</failure>
  </testcase>
  <testcase name="test2" classname="com.RetryLogic.RetryLogicTest" time="0">
    <failure message="expected [false] but found [true]" type="java.lang.AssertionError">java.lang.AssertionError: expected [false] but found [true]
	at com.RetryLogic.RetryLogicTest.test2(RetryLogicTest.java:16)
</failure>
  </testcase>
  <testcase name="testDataMethod" classname="com.dataProvider.test.dataprovider" time="2.29">
    <failure type="java.lang.NullPointerException">java.lang.NullPointerException
	at com.dataProvider.test.dataprovider.testDataMethod(dataprovider.java:44)
</failure>
    <system-out><![CDATA[Rows 6
Total Column 4
1
2
3
4
5
6
Operating System is mac os x
]]></system-out>
    <system-err><![CDATA[Starting ChromeDriver 2.35.528157 (4429ca2590d6988c0745c24c8858745aaaec01ef) on port 12215
Only local connections are allowed.
]]></system-err>
  </testcase>
  <testcase name="testDataMethod" classname="com.dataProvider.test.dataprovider" time="2.319">
    <failure type="java.lang.NullPointerException">java.lang.NullPointerException
	at com.dataProvider.test.dataprovider.testDataMethod(dataprovider.java:44)
</failure>
    <system-out><![CDATA[Operating System is mac os x
]]></system-out>
    <system-err><![CDATA[Starting ChromeDriver 2.35.528157 (4429ca2590d6988c0745c24c8858745aaaec01ef) on port 32695
Only local connections are allowed.
]]></system-err>
  </testcase>
  <testcase name="testDataMethod" classname="com.dataProvider.test.dataprovider" time="1.091">
    <failure type="java.lang.NullPointerException">java.lang.NullPointerException
	at com.dataProvider.test.dataprovider.testDataMethod(dataprovider.java:44)
</failure>
    <system-out><![CDATA[Operating System is mac os x
]]></system-out>
    <system-err><![CDATA[Starting ChromeDriver 2.35.528157 (4429ca2590d6988c0745c24c8858745aaaec01ef) on port 11653
Only local connections are allowed.
]]></system-err>
  </testcase>
  <testcase name="testDataMethod" classname="com.dataProvider.test.dataprovider" time="1.282">
    <failure type="java.lang.NullPointerException">java.lang.NullPointerException
	at com.dataProvider.test.dataprovider.testDataMethod(dataprovider.java:44)
</failure>
    <system-out><![CDATA[Operating System is mac os x
]]></system-out>
    <system-err><![CDATA[Starting ChromeDriver 2.35.528157 (4429ca2590d6988c0745c24c8858745aaaec01ef) on port 37297
Only local connections are allowed.
]]></system-err>
  </testcase>
  <testcase name="testDataMethod" classname="com.dataProvider.test.dataprovider" time="1.421">
    <failure type="java.lang.NullPointerException">java.lang.NullPointerException
	at com.dataProvider.test.dataprovider.testDataMethod(dataprovider.java:44)
</failure>
    <system-out><![CDATA[Operating System is mac os x
]]></system-out>
    <system-err><![CDATA[Starting ChromeDriver 2.35.528157 (4429ca2590d6988c0745c24c8858745aaaec01ef) on port 40151
Only local connections are allowed.
]]></system-err>
  </testcase>
  <testcase name="testDataMethod" classname="com.dataProvider.test.dataprovider" time="1.332">
    <failure type="java.lang.NullPointerException">java.lang.NullPointerException
	at com.dataProvider.test.dataprovider.testDataMethod(dataprovider.java:44)
</failure>
    <system-out><![CDATA[Operating System is mac os x
]]></system-out>
    <system-err><![CDATA[Starting ChromeDriver 2.35.528157 (4429ca2590d6988c0745c24c8858745aaaec01ef) on port 28712
Only local connections are allowed.
]]></system-err>
  </testcase>
  <testcase name="infiniteLoopTest" classname="com.test.ExceptionTimeOutTest" time="0.001"/>
  <testcase name="sumInt" classname="com.test.InvocationCount" time="0"/>
  <testcase name="sumInt" classname="com.test.InvocationCount" time="0"/>
  <testcase name="sumInt" classname="com.test.InvocationCount" time="0"/>
  <testcase name="sumInt" classname="com.test.InvocationCount" time="0"/>
  <testcase name="sumInt" classname="com.test.InvocationCount" time="0"/>
  <testcase name="readExcel" classname="com.test.ReadExcel" time="0.037"/>
  <testcase name="readExcel" classname="com.test.ReadExcel1" time="0.019"/>
  <testcase name="testArray" classname="com.test.ReadExcel1" time="0"/>
  <testcase name="loginTest" classname="com.test.TestngFeatures" time="0.001"/>
</testsuite>