<?xml version="1.0" encoding="UTF-8"?>
<!-- Generated by org.testng.reporters.JUnitXMLReporter -->
<testsuite hostname="Ratnas-MacBook-Pro.local" ignored="0" name="Test Retry Testing" tests="10" failures="2" timestamp="21 Feb 2018 20:56:05 GMT" time="0.043" errors="0">
  <testcase name="test1" time="0.008" classname="com.RetryLogic.RetryLogicTest">
    <skipped/>
  </testcase> <!-- test1 -->
  <testcase name="test1" time="0.0" classname="com.RetryLogic.RetryLogicTest">
    <skipped/>
  </testcase> <!-- test1 -->
  <testcase name="test1" time="0.001" classname="com.RetryLogic.RetryLogicTest">
    <skipped/>
  </testcase> <!-- test1 -->
  <testcase name="test1" time="0.0" classname="com.RetryLogic.RetryLogicTest">
    <skipped/>
  </testcase> <!-- test1 -->
  <testcase name="test1" time="0.001" classname="com.RetryLogic.RetryLogicTest">
    <failure type="java.lang.AssertionError" message="expected [false] but found [true]">
      <![CDATA[java.lang.AssertionError: expected [false] but found [true]
at com.RetryLogic.RetryLogicTest.test1(RetryLogicTest.java:11)
... Removed 30 stack frames]]>
    </failure>
  </testcase> <!-- test1 -->
  <testcase name="test2" time="0.001" classname="com.RetryLogic.RetryLogicTest">
    <skipped/>
  </testcase> <!-- test2 -->
  <testcase name="test2" time="0.0" classname="com.RetryLogic.RetryLogicTest">
    <skipped/>
  </testcase> <!-- test2 -->
  <testcase name="test2" time="0.0" classname="com.RetryLogic.RetryLogicTest">
    <skipped/>
  </testcase> <!-- test2 -->
  <testcase name="test2" time="0.001" classname="com.RetryLogic.RetryLogicTest">
    <skipped/>
  </testcase> <!-- test2 -->
  <testcase name="test2" time="0.001" classname="com.RetryLogic.RetryLogicTest">
    <failure type="java.lang.AssertionError" message="expected [false] but found [true]">
      <![CDATA[java.lang.AssertionError: expected [false] but found [true]
at com.RetryLogic.RetryLogicTest.test2(RetryLogicTest.java:16)
... Removed 30 stack frames]]>
    </failure>
  </testcase> <!-- test2 -->
</testsuite> <!-- Test Retry Testing -->
