<?xml version="1.0" encoding="UTF-8"?>
<!-- Generated by org.testng.reporters.JUnitReportReporter -->
<testsuite skipped="0" hostname="Ratnas-MacBook-Pro.local" name="com.test.InvocationCount" tests="5" failures="0" timestamp="13 Mar 2018 18:21:08 GMT" time="0.001" errors="0">
  <testcase name="sumInt" time="0.000" classname="com.test.InvocationCount"/>
  <testcase name="sumInt" time="0.001" classname="com.test.InvocationCount"/>
  <testcase name="sumInt" time="0.000" classname="com.test.InvocationCount"/>
  <testcase name="sumInt" time="0.000" classname="com.test.InvocationCount"/>
  <testcase name="sumInt" time="0.000" classname="com.test.InvocationCount"/>
</testsuite> <!-- com.test.InvocationCount -->
