<?xml version="1.0" encoding="UTF-8"?>
<!-- Generated by org.testng.reporters.JUnitXMLReporter -->
<testsuite hostname="Ratnas-MacBook-Pro.local" ignored="0" name="googleTest" tests="6" failures="0" timestamp="15 Mar 2018 18:36:09 GMT" time="14.369" errors="0">
  <testcase name="verifyPageTile" time="0.012" classname="com.test.GoogleTest"/>
  <testcase name="verifyLogo" time="0.041" classname="com.test.GoogleTest"/>
  <testcase name="linkCheck" time="0.052" classname="com.test.GoogleTest"/>
  <testcase name="verifyPageTile1" time="0.009" classname="com.test.GoogleTest"/>
  <testcase name="verifyLogo1" time="0.039" classname="com.test.GoogleTest"/>
  <testcase name="linkCheck1" time="0.039" classname="com.test.GoogleTest"/>
</testsuite> <!-- googleTest -->
