<?xml version="1.0" encoding="UTF-8"?>
<!-- Generated by org.testng.reporters.JUnitXMLReporter -->
<testsuite hostname="Ratnas-MacBook-Pro.local" ignored="0" name="Test Maven Testing" tests="9" failures="0" timestamp="13 Mar 2018 18:02:30 GMT" time="3.02" errors="0">
  <testcase name="infiniteLoopTest" time="0.008" classname="com.test.ExceptionTimeOutTest"/>
  <testcase name="sumInt" time="0.0" classname="com.test.InvocationCount"/>
  <testcase name="sumInt" time="0.0" classname="com.test.InvocationCount"/>
  <testcase name="sumInt" time="0.0" classname="com.test.InvocationCount"/>
  <testcase name="sumInt" time="0.001" classname="com.test.InvocationCount"/>
  <testcase name="sumInt" time="0.0" classname="com.test.InvocationCount"/>
  <testcase name="loginTest" time="0.0" classname="com.test.TestngFeatures"/>
  <testcase name="paranterMethod" time="2.637" classname="com.Parameters.ParameterTest"/>
  <testcase name="testMethod" time="0.263" classname="com.Parameters.ParameterTest"/>
</testsuite> <!-- Test Maven Testing -->
