<?xml version="1.0" encoding="UTF-8"?>
<!-- Generated by org.testng.reporters.JUnitXMLReporter -->
<testsuite hostname="Ratnas-MacBook-Pro.local" ignored="0" name="Test Maven Testing" tests="10" failures="0" timestamp="15 Mar 2018 18:35:44 GMT" time="6.787" errors="0">
  <testcase name="infiniteLoopTest" time="0.008" classname="com.test.ExceptionTimeOutTest"/>
  <testcase name="sumInt" time="0.001" classname="com.test.InvocationCount"/>
  <testcase name="sumInt" time="0.0" classname="com.test.InvocationCount"/>
  <testcase name="sumInt" time="0.001" classname="com.test.InvocationCount"/>
  <testcase name="sumInt" time="0.0" classname="com.test.InvocationCount"/>
  <testcase name="sumInt" time="0.0" classname="com.test.InvocationCount"/>
  <testcase name="paranterMethod" time="3.42" classname="com.Parameters.ParameterTest"/>
  <testcase name="testMethod" time="0.277" classname="com.Parameters.ParameterTest"/>
  <testcase name="testMethod" time="0.299" classname="com.test.PropertiesTest"/>
  <testcase name="titleTest" time="0.014" classname="com.test.PropertiesTest"/>
</testsuite> <!-- Test Maven Testing -->
