<html>
<head>
<title>TestNG:  Test Maven Testing</title>
<link href="../testng.css" rel="stylesheet" type="text/css" />
<link href="../my-testng.css" rel="stylesheet" type="text/css" />

<style type="text/css">
.log { display: none;} 
.stack-trace { display: none;} 
</style>
<script type="text/javascript">
<!--
function flip(e) {
  current = e.style.display;
  if (current == 'block') {
    e.style.display = 'none';
    return 0;
  }
  else {
    e.style.display = 'block';
    return 1;
  }
}

function toggleBox(szDivId, elem, msg1, msg2)
{
  var res = -1;  if (document.getElementById) {
    res = flip(document.getElementById(szDivId));
  }
  else if (document.all) {
    // this is the way old msie versions work
    res = flip(document.all[szDivId]);
  }
  if(elem) {
    if(res == 0) elem.innerHTML = msg1; else elem.innerHTML = msg2;
  }

}

function toggleAllBoxes() {
  if (document.getElementsByTagName) {
    d = document.getElementsByTagName('div');
    for (i = 0; i < d.length; i++) {
      if (d[i].className == 'log') {
        flip(d[i]);
      }
    }
  }
}

// -->
</script>

</head>
<body>
<h2 align='center'>Test Maven Testing</h2><table border='1' align="center">
<tr>
<td>Tests passed/Failed/Skipped:</td><td>9/0/0</td>
</tr><tr>
<td>Started on:</td><td>Tue Mar 13 11:02:22 PDT 2018</td>
</tr>
<tr><td>Total time:</td><td>3 seconds (3020 ms)</td>
</tr><tr>
<td>Included groups:</td><td></td>
</tr><tr>
<td>Excluded groups:</td><td></td>
</tr>
</table><p/>
<small><i>(Hover the method name to see the test class name)</i></small><p/>
<table width='100%' border='1' class='invocation-passed'>
<tr><td colspan='4' align='center'><b>PASSED TESTS</b></td></tr>
<tr><td><b>Test method</b></td>
<td width="30%"><b>Exception</b></td>
<td width="10%"><b>Time (seconds)</b></td>
<td><b>Instance</b></td>
</tr>
<tr>
<td title='com.test.ExceptionTimeOutTest.infiniteLoopTest()'><b>infiniteLoopTest</b><br>Test class: com.test.ExceptionTimeOutTest</td>
<td><div><pre>java.lang.NumberFormatException: For input string: &quot;1C&quot;
	at java.lang.NumberFormatException.forInputString(NumberFormatException.java:65)
	at java.lang.Integer.parseInt(Integer.java:580)
	at java.lang.Integer.parseInt(Integer.java:615)
	at com.test.ExceptionTimeOutTest.infiniteLoopTest(ExceptionTimeOutTest.java:13)
... Removed 24 stack frames</pre></div><a href='#' onClick='toggleBox("stack-trace591723622", this, "Click to show all stack frames", "Click to hide stack frames")'>Click to show all stack frames</a>
<div class='stack-trace' id='stack-trace591723622'><pre>java.lang.NumberFormatException: For input string: &quot;1C&quot;
	at java.lang.NumberFormatException.forInputString(NumberFormatException.java:65)
	at java.lang.Integer.parseInt(Integer.java:580)
	at java.lang.Integer.parseInt(Integer.java:615)
	at com.test.ExceptionTimeOutTest.infiniteLoopTest(ExceptionTimeOutTest.java:13)
	at sun.reflect.NativeMethodAccessorImpl.invoke0(Native Method)
	at sun.reflect.NativeMethodAccessorImpl.invoke(NativeMethodAccessorImpl.java:62)
	at sun.reflect.DelegatingMethodAccessorImpl.invoke(DelegatingMethodAccessorImpl.java:43)
	at java.lang.reflect.Method.invoke(Method.java:498)
	at org.testng.internal.MethodInvocationHelper.invokeMethod(MethodInvocationHelper.java:124)
	at org.testng.internal.Invoker.invokeMethod(Invoker.java:580)
	at org.testng.internal.Invoker.invokeTestMethod(Invoker.java:716)
	at org.testng.internal.Invoker.invokeTestMethods(Invoker.java:988)
	at org.testng.internal.TestMethodWorker.invokeTestMethods(TestMethodWorker.java:125)
	at org.testng.internal.TestMethodWorker.run(TestMethodWorker.java:109)
	at org.testng.TestRunner.privateRun(TestRunner.java:648)
	at org.testng.TestRunner.run(TestRunner.java:505)
	at org.testng.SuiteRunner.runTest(SuiteRunner.java:455)
	at org.testng.SuiteRunner.runSequentially(SuiteRunner.java:450)
	at org.testng.SuiteRunner.privateRun(SuiteRunner.java:415)
	at org.testng.SuiteRunner.run(SuiteRunner.java:364)
	at org.testng.SuiteRunnerWorker.runSuite(SuiteRunnerWorker.java:52)
	at org.testng.SuiteRunnerWorker.run(SuiteRunnerWorker.java:84)
	at org.testng.TestNG.runSuitesSequentially(TestNG.java:1208)
	at org.testng.TestNG.runSuitesLocally(TestNG.java:1137)
	at org.testng.TestNG.runSuites(TestNG.java:1049)
	at org.testng.TestNG.run(TestNG.java:1017)
	at org.testng.IDEARemoteTestNG.run(IDEARemoteTestNG.java:72)
	at org.testng.RemoteTestNGStarter.main(RemoteTestNGStarter.java:123)
</pre></div></td>
<td>0</td>
<td>com.test.ExceptionTimeOutTest@36d64342</td></tr>
<tr>
<td title='com.test.TestngFeatures.loginTest()'><b>loginTest</b><br>Test class: com.test.TestngFeatures</td>
<td></td>
<td>0</td>
<td>com.test.TestngFeatures@340f438e</td></tr>
<tr>
<td title='com.Parameters.ParameterTest.paranterMethod()'><b>paranterMethod</b><br>Test class: com.Parameters.ParameterTest<br>Parameters: http://login.yahoo.com</td>
<td></td>
<td>2</td>
<td>com.Parameters.ParameterTest@57829d67</td></tr>
<tr>
<td title='com.test.InvocationCount.sumInt()'><b>sumInt</b><br>Test class: com.test.InvocationCount</td>
<td></td>
<td>0</td>
<td>com.test.InvocationCount@511baa65</td></tr>
<tr>
<td title='com.test.InvocationCount.sumInt()'><b>sumInt</b><br>Test class: com.test.InvocationCount</td>
<td></td>
<td>0</td>
<td>com.test.InvocationCount@511baa65</td></tr>
<tr>
<td title='com.test.InvocationCount.sumInt()'><b>sumInt</b><br>Test class: com.test.InvocationCount</td>
<td></td>
<td>0</td>
<td>com.test.InvocationCount@511baa65</td></tr>
<tr>
<td title='com.test.InvocationCount.sumInt()'><b>sumInt</b><br>Test class: com.test.InvocationCount</td>
<td></td>
<td>0</td>
<td>com.test.InvocationCount@511baa65</td></tr>
<tr>
<td title='com.test.InvocationCount.sumInt()'><b>sumInt</b><br>Test class: com.test.InvocationCount</td>
<td></td>
<td>0</td>
<td>com.test.InvocationCount@511baa65</td></tr>
<tr>
<td title='com.Parameters.ParameterTest.testMethod()'><b>testMethod</b><br>Test class: com.Parameters.ParameterTest<br>Parameters: jalla_madhavi@yahoo.com</td>
<td></td>
<td>0</td>
<td>com.Parameters.ParameterTest@57829d67</td></tr>
</table><p>
</body>
</html>